<?xml version="1.0" encoding="UTF-8"?>
<testng-results skipped="0" failed="1" ignored="0" total="2" passed="1">
  <reporter-output>
  </reporter-output>
  <suite name="Regression Test Suite" duration-ms="49068" started-at="2019-11-09T16:28:55 IST" finished-at="2019-11-09T16:29:44 IST">
    <groups>
    </groups>
    <test name="Front End Test Cases - V001" duration-ms="49068" started-at="2019-11-09T16:28:55 IST" finished-at="2019-11-09T16:29:44 IST">
      <class name="com.automationtalks.RegressionSuite.VehicalInsuranceCalculator">
        <test-method status="PASS" signature="startReport()[pri:0, instance:com.automationtalks.RegressionSuite.VehicalInsuranceCalculator@589838eb]" name="startReport" is-config="true" duration-ms="133" started-at="2019-11-09T16:28:55 IST" finished-at="2019-11-09T16:28:55 IST">
          <reporter-output>
          </reporter-output>
        </test-method> <!-- startReport -->
        <test-method status="PASS" signature="ApplicationLogin()[pri:0, instance:com.automationtalks.RegressionSuite.VehicalInsuranceCalculator@589838eb]" name="ApplicationLogin" is-config="true" duration-ms="11729" started-at="2019-11-09T16:28:55 IST" finished-at="2019-11-09T16:29:07 IST">
          <reporter-output>
          </reporter-output>
        </test-method> <!-- ApplicationLogin -->
        <test-method status="PASS" signature="motorCycleInsuranceCalculation_Test1()[pri:0, instance:com.automationtalks.RegressionSuite.VehicalInsuranceCalculator@589838eb]" name="motorCycleInsuranceCalculation_Test1" duration-ms="15152" started-at="2019-11-09T16:29:07 IST" finished-at="2019-11-09T16:29:22 IST">
          <reporter-output>
          </reporter-output>
        </test-method> <!-- motorCycleInsuranceCalculation_Test1 -->
        <test-method status="PASS" signature="getResult(org.testng.ITestResult)[pri:0, instance:com.automationtalks.RegressionSuite.VehicalInsuranceCalculator@589838eb]" name="getResult" is-config="true" duration-ms="233" started-at="2019-11-09T16:29:22 IST" finished-at="2019-11-09T16:29:22 IST">
          <params>
            <param index="0">
              <value>
                <![CDATA[[TestResult name=motorCycleInsuranceCalculation_Test1 status=SUCCESS method=VehicalInsuranceCalculator.motorCycleInsuranceCalculation_Test1()[pri:0, instance:com.automationtalks.RegressionSuite.VehicalInsuranceCalculator@589838eb] output={null}]]]>
              </value>
            </param>
          </params>
          <reporter-output>
          </reporter-output>
        </test-method> <!-- getResult -->
        <test-method status="PASS" signature="ApplicationLogin()[pri:0, instance:com.automationtalks.RegressionSuite.VehicalInsuranceCalculator@589838eb]" name="ApplicationLogin" is-config="true" duration-ms="10660" started-at="2019-11-09T16:29:22 IST" finished-at="2019-11-09T16:29:33 IST">
          <reporter-output>
          </reporter-output>
        </test-method> <!-- ApplicationLogin -->
        <test-method status="FAIL" signature="motorCycleInsuranceCalculation_Test2()[pri:0, instance:com.automationtalks.RegressionSuite.VehicalInsuranceCalculator@589838eb]" name="motorCycleInsuranceCalculation_Test2" duration-ms="10119" started-at="2019-11-09T16:29:33 IST" finished-at="2019-11-09T16:29:43 IST">
          <exception class="java.lang.Exception">
            <message>
              <![CDATA[Value desired to be selected: BMW1 is not present in make dropdown]]>
            </message>
            <full-stacktrace>
              <![CDATA[java.lang.Exception: Value desired to be selected: BMW1 is not present in make dropdown
at com.automationtalks.RegressionSuite.VehicalInsuranceCalculator.motorCycleInsuranceCalculation_Test2(VehicalInsuranceCalculator.java:188)
at sun.reflect.NativeMethodAccessorImpl.invoke0(Native Method)
at sun.reflect.NativeMethodAccessorImpl.invoke(Unknown Source)
at sun.reflect.DelegatingMethodAccessorImpl.invoke(Unknown Source)
at java.lang.reflect.Method.invoke(Unknown Source)
at org.testng.internal.MethodInvocationHelper.invokeMethod(MethodInvocationHelper.java:133)
at org.testng.internal.TestInvoker.invokeMethod(TestInvoker.java:584)
at org.testng.internal.TestInvoker.invokeTestMethod(TestInvoker.java:172)
at org.testng.internal.MethodRunner.runInSequence(MethodRunner.java:46)
at org.testng.internal.TestInvoker$MethodInvocationAgent.invoke(TestInvoker.java:804)
at org.testng.internal.TestInvoker.invokeTestMethods(TestInvoker.java:145)
at org.testng.internal.TestMethodWorker.invokeTestMethods(TestMethodWorker.java:146)
at org.testng.internal.TestMethodWorker.run(TestMethodWorker.java:128)
at java.util.ArrayList.forEach(Unknown Source)
at org.testng.TestRunner.privateRun(TestRunner.java:770)
at org.testng.TestRunner.run(TestRunner.java:591)
at org.testng.SuiteRunner.runTest(SuiteRunner.java:402)
at org.testng.SuiteRunner.runSequentially(SuiteRunner.java:396)
at org.testng.SuiteRunner.privateRun(SuiteRunner.java:355)
at org.testng.SuiteRunner.run(SuiteRunner.java:304)
at org.testng.SuiteRunnerWorker.runSuite(SuiteRunnerWorker.java:53)
at org.testng.SuiteRunnerWorker.run(SuiteRunnerWorker.java:96)
at org.testng.TestNG.runSuitesSequentially(TestNG.java:1180)
at org.testng.TestNG.runSuitesLocally(TestNG.java:1102)
at org.testng.TestNG.runSuites(TestNG.java:1032)
at org.testng.TestNG.run(TestNG.java:1000)
at org.apache.maven.surefire.testng.TestNGExecutor.run(TestNGExecutor.java:283)
at org.apache.maven.surefire.testng.TestNGXmlTestSuite.execute(TestNGXmlTestSuite.java:75)
at org.apache.maven.surefire.testng.TestNGProvider.invoke(TestNGProvider.java:120)
at org.apache.maven.surefire.booter.ForkedBooter.invokeProviderInSameClassLoader(ForkedBooter.java:384)
at org.apache.maven.surefire.booter.ForkedBooter.runSuitesInProcess(ForkedBooter.java:345)
at org.apache.maven.surefire.booter.ForkedBooter.execute(ForkedBooter.java:126)
at org.apache.maven.surefire.booter.ForkedBooter.main(ForkedBooter.java:418)
]]>
            </full-stacktrace>
          </exception> <!-- java.lang.Exception -->
          <reporter-output>
          </reporter-output>
        </test-method> <!-- motorCycleInsuranceCalculation_Test2 -->
        <test-method status="PASS" signature="getResult(org.testng.ITestResult)[pri:0, instance:com.automationtalks.RegressionSuite.VehicalInsuranceCalculator@589838eb]" name="getResult" is-config="true" duration-ms="647" started-at="2019-11-09T16:29:43 IST" finished-at="2019-11-09T16:29:44 IST">
          <params>
            <param index="0">
              <value>
                <![CDATA[[TestResult name=motorCycleInsuranceCalculation_Test2 status=FAILURE method=VehicalInsuranceCalculator.motorCycleInsuranceCalculation_Test2()[pri:0, instance:com.automationtalks.RegressionSuite.VehicalInsuranceCalculator@589838eb] output={null}]]]>
              </value>
            </param>
          </params>
          <reporter-output>
          </reporter-output>
        </test-method> <!-- getResult -->
        <test-method status="PASS" signature="endReport()[pri:0, instance:com.automationtalks.RegressionSuite.VehicalInsuranceCalculator@589838eb]" name="endReport" is-config="true" duration-ms="345" started-at="2019-11-09T16:29:44 IST" finished-at="2019-11-09T16:29:44 IST">
          <reporter-output>
          </reporter-output>
        </test-method> <!-- endReport -->
      </class> <!-- com.automationtalks.RegressionSuite.VehicalInsuranceCalculator -->
    </test> <!-- Front End Test Cases - V001 -->
  </suite> <!-- Regression Test Suite -->
</testng-results>
