<?xml version="1.0" encoding="UTF-8"?>
<!-- Generated by org.testng.reporters.JUnitXMLReporter -->
<testsuite hostname="DESKTOP-HGE39OB" ignored="0" name="Front End Test Cases - V001" tests="2" failures="1" timestamp="2019-11-09T16:29:44 IST" time="49.068" errors="0">
  <testcase name="motorCycleInsuranceCalculation_Test1" time="15.152" classname="com.automationtalks.RegressionSuite.VehicalInsuranceCalculator"/>
  <testcase name="motorCycleInsuranceCalculation_Test2" time="10.119" classname="com.automationtalks.RegressionSuite.VehicalInsuranceCalculator">
    <failure type="java.lang.Exception" message="Value desired to be selected: BMW1 is not present in make dropdown">
      <![CDATA[java.lang.Exception: Value desired to be selected: BMW1 is not present in make dropdown
at com.automationtalks.RegressionSuite.VehicalInsuranceCalculator.motorCycleInsuranceCalculation_Test2(VehicalInsuranceCalculator.java:188)
at java.util.ArrayList.forEach(Unknown Source)
... Removed 31 stack frames]]>
    </failure>
  </testcase> <!-- motorCycleInsuranceCalculation_Test2 -->
</testsuite> <!-- Front End Test Cases - V001 -->
